<?xml version="1.0" encoding="UTF-8"?>
<testsuite xmlns:xsi="http://www.w3.org/2001/XMLSchema-instance" xsi:schemaLocation="https://maven.apache.org/surefire/maven-surefire-plugin/xsd/surefire-test-report.xsd" name="selenium.Tests" time="0.141" tests="1" errors="1" skipped="0" failures="0">
  <properties>
[...]
</properties>
  <testcase name="Login with Google account" classname="Login" time="0.028">
    <error message="Failed to instantiate class selenium.steps.LoginSteps" type="cucumber.runtime.CucumberException">cucumber.runtime.CucumberException: Failed to instantiate class selenium.steps.LoginSteps
Caused by: java.lang.reflect.InvocationTargetException
Caused by: java.lang.ClassCastException: class selenium.desired.capabilities.ChromeDesiredCapabilitiesAdapter cannot be cast to class org.openqa.selenium.remote.DesiredCapabilities (selenium.desired.capabilities.ChromeDesiredCapabilitiesAdapter and org.openqa.selenium.remote.DesiredCapabilities are in unnamed module of loader 'app')
</error>
    <system-out><![CDATA[&amp#27;[31mF&amp#27;[0m]]></system-out>
  </testcase>
</testsuite>